mode: set
github.com/chingsley/bookings/internal/handlers/handlers.go:31.62,36.2 1 0
github.com/chingsley/bookings/internal/handlers/handlers.go:39.51,44.2 1 1
github.com/chingsley/bookings/internal/handlers/handlers.go:47.33,49.2 1 1
github.com/chingsley/bookings/internal/handlers/handlers.go:52.67,54.2 1 1
github.com/chingsley/bookings/internal/handlers/handlers.go:57.68,60.2 1 1
github.com/chingsley/bookings/internal/handlers/handlers.go:63.74,65.9 2 1
github.com/chingsley/bookings/internal/handlers/handlers.go:71.2,72.16 2 1
github.com/chingsley/bookings/internal/handlers/handlers.go:78.2,96.4 10 1
github.com/chingsley/bookings/internal/handlers/handlers.go:65.9,69.3 3 1
github.com/chingsley/bookings/internal/handlers/handlers.go:72.16,76.3 3 1
github.com/chingsley/bookings/internal/handlers/handlers.go:100.78,102.9 2 0
github.com/chingsley/bookings/internal/handlers/handlers.go:106.2,107.16 2 0
github.com/chingsley/bookings/internal/handlers/handlers.go:112.2,123.19 9 0
github.com/chingsley/bookings/internal/handlers/handlers.go:134.2,135.16 2 0
github.com/chingsley/bookings/internal/handlers/handlers.go:142.2,151.16 3 0
github.com/chingsley/bookings/internal/handlers/handlers.go:156.2,158.66 2 0
github.com/chingsley/bookings/internal/handlers/handlers.go:102.9,105.3 2 0
github.com/chingsley/bookings/internal/handlers/handlers.go:107.16,110.3 2 0
github.com/chingsley/bookings/internal/handlers/handlers.go:123.19,132.3 4 0
github.com/chingsley/bookings/internal/handlers/handlers.go:135.16,138.3 2 0
github.com/chingsley/bookings/internal/handlers/handlers.go:151.16,154.3 2 0
github.com/chingsley/bookings/internal/handlers/handlers.go:162.71,164.2 1 1
github.com/chingsley/bookings/internal/handlers/handlers.go:167.69,169.2 1 1
github.com/chingsley/bookings/internal/handlers/handlers.go:172.75,174.2 1 1
github.com/chingsley/bookings/internal/handlers/handlers.go:177.79,183.16 5 0
github.com/chingsley/bookings/internal/handlers/handlers.go:188.2,189.16 2 0
github.com/chingsley/bookings/internal/handlers/handlers.go:193.2,194.16 2 0
github.com/chingsley/bookings/internal/handlers/handlers.go:199.2,199.21 1 0
github.com/chingsley/bookings/internal/handlers/handlers.go:205.2,217.4 5 0
github.com/chingsley/bookings/internal/handlers/handlers.go:183.16,186.3 2 0
github.com/chingsley/bookings/internal/handlers/handlers.go:189.16,191.3 1 0
github.com/chingsley/bookings/internal/handlers/handlers.go:194.16,197.3 2 0
github.com/chingsley/bookings/internal/handlers/handlers.go:199.21,203.3 3 0
github.com/chingsley/bookings/internal/handlers/handlers.go:229.79,249.16 10 0
github.com/chingsley/bookings/internal/handlers/handlers.go:254.2,255.14 2 0
github.com/chingsley/bookings/internal/handlers/handlers.go:249.16,252.3 2 0
github.com/chingsley/bookings/internal/handlers/handlers.go:259.70,261.2 1 1
github.com/chingsley/bookings/internal/handlers/handlers.go:264.81,266.9 2 0
github.com/chingsley/bookings/internal/handlers/handlers.go:275.2,289.4 9 0
github.com/chingsley/bookings/internal/handlers/handlers.go:266.9,273.3 4 0
github.com/chingsley/bookings/internal/handlers/handlers.go:293.73,295.16 2 0
github.com/chingsley/bookings/internal/handlers/handlers.go:299.2,300.9 2 0
github.com/chingsley/bookings/internal/handlers/handlers.go:304.2,307.63 3 0
github.com/chingsley/bookings/internal/handlers/handlers.go:295.16,298.3 2 0
github.com/chingsley/bookings/internal/handlers/handlers.go:300.9,303.3 2 0
github.com/chingsley/bookings/internal/handlers/handlers.go:311.71,319.16 6 0
github.com/chingsley/bookings/internal/handlers/handlers.go:324.2,331.63 6 0
github.com/chingsley/bookings/internal/handlers/handlers.go:319.16,322.3 2 0
